<?xml version="1.0" encoding="UTF-8"?>
<!-- Generated by org.testng.reporters.JUnitReportReporter -->
<testsuite hostname="LAPTOP-IBLEGI2E" failures="0" tests="4" name="testpackage.TestChaiPaniScreens" time="33.876" errors="0" timestamp="20 Apr 2019 14:24:54 GMT" skipped="0">
  <testcase classname="testpackage.TestChaiPaniScreens" name="testRegisterCustomer" time="10.918"/>
  <testcase classname="testpackage.TestChaiPaniScreens" name="testLoginCustomer" time="10.054"/>
  <testcase classname="testpackage.TestChaiPaniScreens" name="testaddCategory" time="9.835"/>
  <testcase classname="testpackage.TestChaiPaniScreens" name="testConfig" time="3.069"/>
</testsuite> <!-- testpackage.TestChaiPaniScreens -->
