<?xml version="1.0" encoding="UTF-8"?>
<!-- Generated by org.testng.reporters.JUnitReportReporter -->
<testsuite hostname="LAPTOP-IBLEGI2E" failures="0" tests="4" name="testpackage.TestRegisterCustomer" time="35.441" errors="0" timestamp="20 Apr 2019 14:09:43 GMT" skipped="0">
  <testcase classname="testpackage.TestRegisterCustomer" name="testRegisterCustomer" time="11.183"/>
  <testcase classname="testpackage.TestRegisterCustomer" name="testLoginCustomer" time="10.953"/>
  <testcase classname="testpackage.TestRegisterCustomer" name="testaddCategory" time="10.156"/>
  <testcase classname="testpackage.TestRegisterCustomer" name="testConfig" time="3.149"/>
</testsuite> <!-- testpackage.TestRegisterCustomer -->
